<?xml version="1.0" encoding="UTF-8"?>
<testng-results ignored="0" total="1" passed="1" failed="0" skipped="0">
  <reporter-output>
    <line>
      <![CDATA[Successfully Launched Chrome Browser]]>
    </line>
    <line>
      <![CDATA[Browser window is maximized successfully]]>
    </line>
    <line>
      <![CDATA[Drop down is closed]]>
    </line>
  </reporter-output>
  <suite started-at="2023-03-24T16:27:10 IST" name="Default suite" finished-at="2023-03-24T16:27:24 IST" duration-ms="14144">
    <groups>
    </groups>
    <test started-at="2023-03-24T16:27:10 IST" name="Default test" finished-at="2023-03-24T16:27:24 IST" duration-ms="14144">
      <class name="organization.TC_VT_009_Test">
        <test-method is-config="true" signature="browserSetUp(java.lang.String)[pri:0, instance:organization.TC_VT_009_Test@72cde7cc]" started-at="2023-03-24T16:27:10 IST" name="browserSetUp" finished-at="2023-03-24T16:27:12 IST" duration-ms="1529" status="PASS">
          <params>
            <param index="0">
              <value>
                <![CDATA[noValue]]>
              </value>
            </param>
          </params>
          <reporter-output>
            <line>
              <![CDATA[Successfully Launched Chrome Browser]]>
            </line>
            <line>
              <![CDATA[Browser window is maximized successfully]]>
            </line>
          </reporter-output>
        </test-method> <!-- browserSetUp -->
        <test-method is-config="true" signature="loginToApplication()[pri:0, instance:organization.TC_VT_009_Test@72cde7cc]" started-at="2023-03-24T16:27:12 IST" name="loginToApplication" finished-at="2023-03-24T16:27:17 IST" duration-ms="4992" status="PASS">
          <reporter-output>
          </reporter-output>
        </test-method> <!-- loginToApplication -->
        <test-method signature="closeSearch()[pri:0, instance:organization.TC_VT_009_Test@72cde7cc]" started-at="2023-03-24T16:27:17 IST" name="closeSearch" finished-at="2023-03-24T16:27:22 IST" duration-ms="5526" status="PASS">
          <reporter-output>
            <line>
              <![CDATA[Drop down is closed]]>
            </line>
          </reporter-output>
        </test-method> <!-- closeSearch -->
        <test-method is-config="true" signature="logoutOfApplication()[pri:0, instance:organization.TC_VT_009_Test@72cde7cc]" started-at="2023-03-24T16:27:22 IST" name="logoutOfApplication" finished-at="2023-03-24T16:27:24 IST" duration-ms="1872" status="PASS">
          <reporter-output>
          </reporter-output>
        </test-method> <!-- logoutOfApplication -->
        <test-method is-config="true" signature="browserTearDown()[pri:0, instance:organization.TC_VT_009_Test@72cde7cc]" started-at="2023-03-24T16:27:24 IST" name="browserTearDown" finished-at="2023-03-24T16:27:24 IST" duration-ms="193" status="PASS">
          <reporter-output>
          </reporter-output>
        </test-method> <!-- browserTearDown -->
      </class> <!-- organization.TC_VT_009_Test -->
    </test> <!-- Default test -->
  </suite> <!-- Default suite -->
</testng-results>
